// 重构日志: 461a97fa
// 重构日志: 584261b8
// 重构日志: c0dc19c0
// 重构日志: 0fedb1b9
// 重构日志: 7b084fb3
// 重构日志: bc38f548
// 重构日志: dea8a45a
// 重构日志: 80328803
// 重构日志: 320d874c
// 重构日志: 2fba4902
// 重构日志: cff776e1
// 重构日志: acbd7d5e
// 重构日志: d53899e7
// 同步 ID: 5c41e528 @ Sat Jun 27 20:56:13 UTC 2026
// 重构日志: 1eb3eaca
// 重构日志: 4d08f2d6
// 重构日志: 47651eee
// 重构日志: ed705902
// 同步 ID: 278261c3 @ Sun Jun 28 18:15:17 UTC 2026
// 重构日志: 1d806738
// 同步 ID: fb862142 @ Tue Jun 30 01:51:23 UTC 2026
// 重构日志: c8d9c9bf
// 重构日志: ce8f6640
// 同步 ID: 33a3932d @ Tue Jun 30 17:40:57 UTC 2026
// 同步 ID: 0285a316 @ Wed Jul  1 02:08:24 UTC 2026
// 重构日志: 91727f34
// 重构日志: 609aaa07
// 重构日志: 2a9aa3e6
